<?xml version="1.0" ?>
<coverage version="5.5" timestamp="1234567890" lines-valid="100" lines-covered="85" line-rate="0.85" branches-covered="40" branches-valid="50" branch-rate="0.80" complexity="0">
    <packages>
        <package name="lib" line-rate="0.85" branch-rate="0.80" complexity="0">
            <classes>
                <class name="log.sh" filename="scripts/ci/lib/log.sh" line-rate="0.90">
                    <lines>
                        <line number="1" hits="1"/>
                        <line number="2" hits="1"/>
                    </lines>
                </class>
            </classes>
        </package>
    </packages>
</coverage>
