{
  "numTotalTestSuites": 2,
  "numPassedTestSuites": 0,
  "numFailedTestSuites": 2,
  "numPendingTestSuites": 0,
  "numTotalTests": 2,
  "numPassedTests": 1,
  "numFailedTests": 1,
  "numPendingTests": 0,
  "numTodoTests": 0,
  "snapshot": {
    "added": 0,
    "failure": false,
    "filesAdded": 0,
    "filesRemoved": 0,
    "filesRemovedList": [],
    "filesUnmatched": 0,
    "filesUpdated": 0,
    "matched": 0,
    "total": 0,
    "unchecked": 0,
    "uncheckedKeysByFile": [],
    "unmatched": 0,
    "updated": 0,
    "didUpdate": false
  },
  "startTime": 1779876857333,
  "success": false,
  "testResults": [
    {
      "assertionResults": [
        {
          "ancestorTitles": ["a"],
          "fullName": "a passes",
          "status": "passed",
          "title": "passes",
          "duration": 0.87,
          "failureMessages": [],
          "meta": {}
        },
        {
          "ancestorTitles": ["a"],
          "fullName": "a fails",
          "status": "failed",
          "title": "fails",
          "duration": 5.25,
          "failureMessages": ["AssertionError: expected 1 to be 2"],
          "meta": {}
        }
      ],
      "startTime": 1779876857960,
      "endTime": 1779876857966.25,
      "status": "failed",
      "message": "",
      "name": "src/a.test.ts"
    }
  ]
}
